<?xml version="1.0" encoding="UTF-8"?>
<!-- Generated by org.testng.reporters.JUnitXMLReporter -->
<testsuite ignored="1" hostname="TYSS-Chaithra" failures="0" tests="1" name="Default test" time="0.061" errors="0" timestamp="2022-12-17T16:49:13 IST">
  <testcase classname="organizationTest.CreateOrgTest" name="tc_216_CreateOrgWithIndustryTest" time="0.016"/>
  <testcase classname="organizationTest.CreateOrgTest" name="tc_215_CreateOrgWithMnadatoryFieldsTest" time="0.0">
    <ignored/>
  </testcase> <!-- tc_215_CreateOrgWithMnadatoryFieldsTest -->
</testsuite> <!-- Default test -->
