<?xml version="1.0" encoding="UTF-8"?>
<testng-results ignored="0" total="1" passed="1" failed="0" skipped="0">
  <reporter-output>
  </reporter-output>
  <suite started-at="2022-12-17T16:36:47 IST" name="Default suite" finished-at="2022-12-17T16:36:47 IST" duration-ms="86">
    <groups>
    </groups>
    <test started-at="2022-12-17T16:36:47 IST" name="Default test" finished-at="2022-12-17T16:36:47 IST" duration-ms="86">
      <class name="organizationTest.CreateOrgTest">
        <test-method signature="tc_215_CreateOrgWithMnadatoryFieldsTest()[pri:0, instance:organizationTest.CreateOrgTest@19d481b]" started-at="2022-12-17T16:36:47 IST" name="tc_215_CreateOrgWithMnadatoryFieldsTest" finished-at="2022-12-17T16:36:47 IST" duration-ms="17" status="PASS">
          <reporter-output>
          </reporter-output>
        </test-method> <!-- tc_215_CreateOrgWithMnadatoryFieldsTest -->
      </class> <!-- organizationTest.CreateOrgTest -->
    </test> <!-- Default test -->
  </suite> <!-- Default suite -->
</testng-results>
