<?xml version="1.0" encoding="UTF-8"?>
<testng-results ignored="1" total="2" passed="1" failed="0" skipped="0">
  <reporter-output>
  </reporter-output>
  <suite started-at="2022-12-17T16:49:13 IST" name="Default suite" finished-at="2022-12-17T16:49:13 IST" duration-ms="61">
    <groups>
    </groups>
    <test started-at="2022-12-17T16:49:13 IST" name="Default test" finished-at="2022-12-17T16:49:13 IST" duration-ms="61">
      <class name="organizationTest.CreateOrgTest">
        <test-method signature="tc_216_CreateOrgWithIndustryTest()[pri:0, instance:organizationTest.CreateOrgTest@1f97cf0d]" started-at="2022-12-17T16:49:13 IST" name="tc_216_CreateOrgWithIndustryTest" finished-at="2022-12-17T16:49:13 IST" duration-ms="16" status="PASS">
          <reporter-output>
          </reporter-output>
        </test-method> <!-- tc_216_CreateOrgWithIndustryTest -->
      </class> <!-- organizationTest.CreateOrgTest -->
    </test> <!-- Default test -->
  </suite> <!-- Default suite -->
</testng-results>
